<?xml version="1.0" encoding="UTF-8"?>
<!-- Generated by org.testng.reporters.JUnitXMLReporter -->
<testsuite hostname="DESKTOP-ENV65N4" name="Test" tests="1" failures="0" timestamp="17 Nov 2016 19:58:55 GMT" time="71.701" errors="0">
  <testcase name="@BeforeTest beforeTest" time="0.0" classname="maven.NewTest">
    <failure type="org.openqa.selenium.WebDriverException" message="Failed to connect to binary FirefoxBinary(C:\Program Files (x86)\Mozilla Firefox\firefox.exe) on port 7055; process output follows: 
tInstallState changed: false, state: {&amp;quot;app-profile&amp;quot;:{&amp;quot;fxdriver@googlecode.com&amp;quot;:{&amp;quot;d&amp;quot;:&amp;quot;C:\\Users\\lethi\\AppData\\Local\\Temp\\anonymous7831405840508087468webdriver-profile\\extensions\\fxdriver@googlecode.com&amp;quot;,&amp;quot;e&amp;quot;:false,&amp;quot;v&amp;quot;:&amp;quot;2.45.0&amp;quot;,&amp;quot;st&amp;quot;:1479412669277,&amp;quot;mt&amp;quot;:1479412668578}},&amp;quot;app-system-defaults&amp;quot;:{&amp;quot;e10srollout@mozilla.org&amp;quot;:{&amp;quot;d&amp;quot;:&amp;quot;C:\\Program Files (x86)\\Mozilla Firefox\\browser\\features\\e10srollout@mozilla.org.xpi&amp;quot;,&amp;quot;e&amp;quot;:true,&amp;quot;v&amp;quot;:&amp;quot;1.3&amp;quot;,&amp;quot;st&amp;quot;:1476903776000},&amp;quot;firefox@getpocket.com&amp;quot;:{&amp;quot;d&amp;quot;:&amp;quot;C:\\Program Files (x86)\\Mozilla Firefox\\browser\\features\\firefox@getpocket.com.xpi&amp;quot;,&amp;quot;e&amp;quot;:true,&amp;quot;v&amp;quot;:&amp;quot;1.0.4&amp;quot;,&amp;quot;st&amp;quot;:1476903776000},&amp;quot;webcompat@mozilla.org&amp;quot;:{&amp;quot;d&amp;quot;:&amp;quot;C:\\Program Files (x86)\\Mozilla Firefox\\browser\\features\\webcompat@mozilla.org.xpi&amp;quot;,&amp;quot;e&amp;quot;:true,&amp;quot;v&amp;quot;:&amp;quot;1.0&amp;quot;,&amp;quot;st&amp;quot;:1476903776000}},&amp;quot;app-global&amp;quot;:{&amp;quot;{972ce4c6-7e08-4474-a285-3208198ce6fd}&amp;quot;:{&amp;quot;d&amp;quot;:&amp;quot;C:\\Program Files (x86)\\Mozilla Firefox\\browser\\extensions\\{972ce4c6-7e08-4474-a285-3208198ce6fd}.xpi&amp;quot;,&amp;quot;e&amp;quot;:true,&amp;quot;v&amp;quot;:&amp;quot;49.0.2&amp;quot;,&amp;quot;st&amp;quot;:1476903776000}}}
1479412688219	addons.xpi	DEBUG	No changes found
1479412688232	addons.xpi	DEBUG	Registering manifest for C:\Program Files (x86)\Mozilla Firefox\browser\features\e10srollout@mozilla.org.xpi
1479412688239	addons.xpi	DEBUG	Loading bootstrap scope from C:\Program Files (x86)\Mozilla Firefox\browser\features\e10srollout@mozilla.org.xpi
1479412688265	addons.xpi	DEBUG	Calling bootstrap method startup on e10srollout@mozilla.org version 1.3
1479412688268	addons.xpi	DEBUG	Registering manifest for C:\Program Files (x86)\Mozilla Firefox\browser\features\firefox@getpocket.com.xpi
1479412688299	addons.xpi	DEBUG	Loading bootstrap scope from C:\Program Files (x86)\Mozilla Firefox\browser\features\firefox@getpocket.com.xpi
1479412688311	addons.xpi	DEBUG	Calling bootstrap method startup on firefox@getpocket.com version 1.0.4
1479412688330	addons.xpi-utils	DEBUG	Starting async load of XPI database C:\Users\lethi\AppData\Local\Temp\anonymous7831405840508087468webdriver-profile\extensions.json
1479412688332	addons.xpi	DEBUG	Registering manifest for C:\Program Files (x86)\Mozilla Firefox\browser\features\webcompat@mozilla.org.xpi
1479412688335	addons.xpi	DEBUG	Loading bootstrap scope from C:\Program Files (x86)\Mozilla Firefox\browser\features\webcompat@mozilla.org.xpi
1479412688339	addons.xpi	DEBUG	Calling bootstrap method startup on webcompat@mozilla.org version 1.0
1479412688343	addons.manager	DEBUG	Registering shutdown blocker for XPIProvider
1479412688343	addons.manager	DEBUG	Provider finished startup: XPIProvider
1479412688343	addons.manager	DEBUG	Starting provider: LightweightThemeManager
1479412688344	addons.manager	DEBUG	Registering shutdown blocker for LightweightThemeManager
1479412688344	addons.manager	DEBUG	Provider finished startup: LightweightThemeManager
1479412688345	addons.manager	DEBUG	Starting provider: GMPProvider
1479412688360	addons.manager	DEBUG	Registering shutdown blocker for GMPProvider
1479412688361	addons.manager	DEBUG	Provider finished startup: GMPProvider
1479412688362	addons.manager	DEBUG	Starting provider: PluginProvider
1479412688362	addons.manager	DEBUG	Registering shutdown blocker for PluginProvider
1479412688363	addons.manager	DEBUG	Provider finished startup: PluginProvider
1479412688365	addons.manager	DEBUG	Completed startup sequence
1479412688879	addons.xpi-utils	DEBUG	Async JSON file read took 0 MS
1479412688880	addons.xpi-utils	DEBUG	Finished async read of XPI database, parsing...
1479412688884	addons.xpi-utils	DEBUG	Successfully read XPI database
1479412688908	addons.manager	DEBUG	Starting provider: &amp;lt;unnamed-provider&amp;gt;
1479412688908	addons.manager	DEBUG	Registering shutdown blocker for &amp;lt;unnamed-provider&amp;gt;
1479412688909	addons.manager	DEBUG	Provider finished startup: &amp;lt;unnamed-provider&amp;gt;
*** Blocklist::_loadBlocklistFromFile: blocklist is disabled
1479412689141	addons.manager	DEBUG	Starting provider: PreviousExperimentProvider
1479412689142	addons.manager	DEBUG	Registering shutdown blocker for PreviousExperimentProvider
1479412689142	addons.manager	DEBUG	Provider finished startup: PreviousExperimentProvider

Build info: version: &amp;apos;2.45.0&amp;apos;, revision: &amp;apos;5017cb8e7ca8e37638dc3091b2440b90a1d8686f&amp;apos;, time: &amp;apos;2015-02-27 09:10:26&amp;apos;
System info: host: &amp;apos;DESKTOP-ENV65N4&amp;apos;, ip: &amp;apos;192.168.1.121&amp;apos;, os.name: &amp;apos;Windows 10&amp;apos;, os.arch: &amp;apos;amd64&amp;apos;, os.version: &amp;apos;10.0&amp;apos;, java.version: &amp;apos;1.8.0_111&amp;apos;
Driver info: driver.version: FirefoxDriver">
      <![CDATA[org.openqa.selenium.WebDriverException: Failed to connect to binary FirefoxBinary(C:\Program Files (x86)\Mozilla Firefox\firefox.exe) on port 7055; process output follows: 
tInstallState changed: false, state: {"app-profile":{"fxdriver@googlecode.com":{"d":"C:\\Users\\lethi\\AppData\\Local\\Temp\\anonymous7831405840508087468webdriver-profile\\extensions\\fxdriver@googlecode.com","e":false,"v":"2.45.0","st":1479412669277,"mt":1479412668578}},"app-system-defaults":{"e10srollout@mozilla.org":{"d":"C:\\Program Files (x86)\\Mozilla Firefox\\browser\\features\\e10srollout@mozilla.org.xpi","e":true,"v":"1.3","st":1476903776000},"firefox@getpocket.com":{"d":"C:\\Program Files (x86)\\Mozilla Firefox\\browser\\features\\firefox@getpocket.com.xpi","e":true,"v":"1.0.4","st":1476903776000},"webcompat@mozilla.org":{"d":"C:\\Program Files (x86)\\Mozilla Firefox\\browser\\features\\webcompat@mozilla.org.xpi","e":true,"v":"1.0","st":1476903776000}},"app-global":{"{972ce4c6-7e08-4474-a285-3208198ce6fd}":{"d":"C:\\Program Files (x86)\\Mozilla Firefox\\browser\\extensions\\{972ce4c6-7e08-4474-a285-3208198ce6fd}.xpi","e":true,"v":"49.0.2","st":1476903776000}}}
1479412688219	addons.xpi	DEBUG	No changes found
1479412688232	addons.xpi	DEBUG	Registering manifest for C:\Program Files (x86)\Mozilla Firefox\browser\features\e10srollout@mozilla.org.xpi
1479412688239	addons.xpi	DEBUG	Loading bootstrap scope from C:\Program Files (x86)\Mozilla Firefox\browser\features\e10srollout@mozilla.org.xpi
1479412688265	addons.xpi	DEBUG	Calling bootstrap method startup on e10srollout@mozilla.org version 1.3
1479412688268	addons.xpi	DEBUG	Registering manifest for C:\Program Files (x86)\Mozilla Firefox\browser\features\firefox@getpocket.com.xpi
1479412688299	addons.xpi	DEBUG	Loading bootstrap scope from C:\Program Files (x86)\Mozilla Firefox\browser\features\firefox@getpocket.com.xpi
1479412688311	addons.xpi	DEBUG	Calling bootstrap method startup on firefox@getpocket.com version 1.0.4
1479412688330	addons.xpi-utils	DEBUG	Starting async load of XPI database C:\Users\lethi\AppData\Local\Temp\anonymous7831405840508087468webdriver-profile\extensions.json
1479412688332	addons.xpi	DEBUG	Registering manifest for C:\Program Files (x86)\Mozilla Firefox\browser\features\webcompat@mozilla.org.xpi
1479412688335	addons.xpi	DEBUG	Loading bootstrap scope from C:\Program Files (x86)\Mozilla Firefox\browser\features\webcompat@mozilla.org.xpi
1479412688339	addons.xpi	DEBUG	Calling bootstrap method startup on webcompat@mozilla.org version 1.0
1479412688343	addons.manager	DEBUG	Registering shutdown blocker for XPIProvider
1479412688343	addons.manager	DEBUG	Provider finished startup: XPIProvider
1479412688343	addons.manager	DEBUG	Starting provider: LightweightThemeManager
1479412688344	addons.manager	DEBUG	Registering shutdown blocker for LightweightThemeManager
1479412688344	addons.manager	DEBUG	Provider finished startup: LightweightThemeManager
1479412688345	addons.manager	DEBUG	Starting provider: GMPProvider
1479412688360	addons.manager	DEBUG	Registering shutdown blocker for GMPProvider
1479412688361	addons.manager	DEBUG	Provider finished startup: GMPProvider
1479412688362	addons.manager	DEBUG	Starting provider: PluginProvider
1479412688362	addons.manager	DEBUG	Registering shutdown blocker for PluginProvider
1479412688363	addons.manager	DEBUG	Provider finished startup: PluginProvider
1479412688365	addons.manager	DEBUG	Completed startup sequence
1479412688879	addons.xpi-utils	DEBUG	Async JSON file read took 0 MS
1479412688880	addons.xpi-utils	DEBUG	Finished async read of XPI database, parsing...
1479412688884	addons.xpi-utils	DEBUG	Successfully read XPI database
1479412688908	addons.manager	DEBUG	Starting provider: <unnamed-provider>
1479412688908	addons.manager	DEBUG	Registering shutdown blocker for <unnamed-provider>
1479412688909	addons.manager	DEBUG	Provider finished startup: <unnamed-provider>
*** Blocklist::_loadBlocklistFromFile: blocklist is disabled
1479412689141	addons.manager	DEBUG	Starting provider: PreviousExperimentProvider
1479412689142	addons.manager	DEBUG	Registering shutdown blocker for PreviousExperimentProvider
1479412689142	addons.manager	DEBUG	Provider finished startup: PreviousExperimentProvider

Build info: version: '2.45.0', revision: '5017cb8e7ca8e37638dc3091b2440b90a1d8686f', time: '2015-02-27 09:10:26'
System info: host: 'DESKTOP-ENV65N4', ip: '192.168.1.121', os.name: 'Windows 10', os.arch: 'amd64', os.version: '10.0', java.version: '1.8.0_111'
Driver info: driver.version: FirefoxDriver
	at org.openqa.selenium.firefox.internal.NewProfileExtensionConnection.start(NewProfileExtensionConnection.java:130)
	at org.openqa.selenium.firefox.FirefoxDriver.startClient(FirefoxDriver.java:246)
	at org.openqa.selenium.remote.RemoteWebDriver.<init>(RemoteWebDriver.java:114)
	at org.openqa.selenium.firefox.FirefoxDriver.<init>(FirefoxDriver.java:191)
	at org.openqa.selenium.firefox.FirefoxDriver.<init>(FirefoxDriver.java:186)
	at org.openqa.selenium.firefox.FirefoxDriver.<init>(FirefoxDriver.java:182)
	at org.openqa.selenium.firefox.FirefoxDriver.<init>(FirefoxDriver.java:95)
	at maven.NewTest.beforeTest(NewTest.java:20)
Caused by: org.openqa.selenium.firefox.NotConnectedException: Unable to connect to host 127.0.0.1 on port 7055 after 45000 ms. Firefox console output:
tInstallState changed: false, state: {"app-profile":{"fxdriver@googlecode.com":{"d":"C:\\Users\\lethi\\AppData\\Local\\Temp\\anonymous7831405840508087468webdriver-profile\\extensions\\fxdriver@googlecode.com","e":false,"v":"2.45.0","st":1479412669277,"mt":1479412668578}},"app-system-defaults":{"e10srollout@mozilla.org":{"d":"C:\\Program Files (x86)\\Mozilla Firefox\\browser\\features\\e10srollout@mozilla.org.xpi","e":true,"v":"1.3","st":1476903776000},"firefox@getpocket.com":{"d":"C:\\Program Files (x86)\\Mozilla Firefox\\browser\\features\\firefox@getpocket.com.xpi","e":true,"v":"1.0.4","st":1476903776000},"webcompat@mozilla.org":{"d":"C:\\Program Files (x86)\\Mozilla Firefox\\browser\\features\\webcompat@mozilla.org.xpi","e":true,"v":"1.0","st":1476903776000}},"app-global":{"{972ce4c6-7e08-4474-a285-3208198ce6fd}":{"d":"C:\\Program Files (x86)\\Mozilla Firefox\\browser\\extensions\\{972ce4c6-7e08-4474-a285-3208198ce6fd}.xpi","e":true,"v":"49.0.2","st":1476903776000}}}
1479412688219	addons.xpi	DEBUG	No changes found
1479412688232	addons.xpi	DEBUG	Registering manifest for C:\Program Files (x86)\Mozilla Firefox\browser\features\e10srollout@mozilla.org.xpi
1479412688239	addons.xpi	DEBUG	Loading bootstrap scope from C:\Program Files (x86)\Mozilla Firefox\browser\features\e10srollout@mozilla.org.xpi
1479412688265	addons.xpi	DEBUG	Calling bootstrap method startup on e10srollout@mozilla.org version 1.3
1479412688268	addons.xpi	DEBUG	Registering manifest for C:\Program Files (x86)\Mozilla Firefox\browser\features\firefox@getpocket.com.xpi
1479412688299	addons.xpi	DEBUG	Loading bootstrap scope from C:\Program Files (x86)\Mozilla Firefox\browser\features\firefox@getpocket.com.xpi
1479412688311	addons.xpi	DEBUG	Calling bootstrap method startup on firefox@getpocket.com version 1.0.4
1479412688330	addons.xpi-utils	DEBUG	Starting async load of XPI database C:\Users\lethi\AppData\Local\Temp\anonymous7831405840508087468webdriver-profile\extensions.json
1479412688332	addons.xpi	DEBUG	Registering manifest for C:\Program Files (x86)\Mozilla Firefox\browser\features\webcompat@mozilla.org.xpi
1479412688335	addons.xpi	DEBUG	Loading bootstrap scope from C:\Program Files (x86)\Mozilla Firefox\browser\features\webcompat@mozilla.org.xpi
1479412688339	addons.xpi	DEBUG	Calling bootstrap method startup on webcompat@mozilla.org version 1.0
1479412688343	addons.manager	DEBUG	Registering shutdown blocker for XPIProvider
1479412688343	addons.manager	DEBUG	Provider finished startup: XPIProvider
1479412688343	addons.manager	DEBUG	Starting provider: LightweightThemeManager
1479412688344	addons.manager	DEBUG	Registering shutdown blocker for LightweightThemeManager
1479412688344	addons.manager	DEBUG	Provider finished startup: LightweightThemeManager
1479412688345	addons.manager	DEBUG	Starting provider: GMPProvider
1479412688360	addons.manager	DEBUG	Registering shutdown blocker for GMPProvider
1479412688361	addons.manager	DEBUG	Provider finished startup: GMPProvider
1479412688362	addons.manager	DEBUG	Starting provider: PluginProvider
1479412688362	addons.manager	DEBUG	Registering shutdown blocker for PluginProvider
1479412688363	addons.manager	DEBUG	Provider finished startup: PluginProvider
1479412688365	addons.manager	DEBUG	Completed startup sequence
1479412688879	addons.xpi-utils	DEBUG	Async JSON file read took 0 MS
1479412688880	addons.xpi-utils	DEBUG	Finished async read of XPI database, parsing...
1479412688884	addons.xpi-utils	DEBUG	Successfully read XPI database
1479412688908	addons.manager	DEBUG	Starting provider: <unnamed-provider>
1479412688908	addons.manager	DEBUG	Registering shutdown blocker for <unnamed-provider>
1479412688909	addons.manager	DEBUG	Provider finished startup: <unnamed-provider>
*** Blocklist::_loadBlocklistFromFile: blocklist is disabled
1479412689141	addons.manager	DEBUG	Starting provider: PreviousExperimentProvider
1479412689142	addons.manager	DEBUG	Registering shutdown blocker for PreviousExperimentProvider
1479412689142	addons.manager	DEBUG	Provider finished startup: PreviousExperimentProvider

	at org.openqa.selenium.firefox.internal.NewProfileExtensionConnection.start(NewProfileExtensionConnection.java:118)
	... 29 more
... Removed 22 stack frames]]>
    </failure>
  </testcase> <!-- @BeforeTest beforeTest -->
  <testcase name="@AfterTest afterTest" time="0.0" classname="maven.NewTest">
    <skipped/>
  </testcase> <!-- @AfterTest afterTest -->
  <testcase name="testEasy" time="0.003" classname="maven.NewTest">
    <skipped/>
  </testcase> <!-- testEasy -->
</testsuite> <!-- Test -->
