<?xml version="1.0" encoding="UTF-8"?>
<testng-results skipped="1" failed="0" total="1" passed="0">
  <reporter-output>
  </reporter-output>
  <suite name="Suite" duration-ms="71701" started-at="2016-11-17T19:57:43Z" finished-at="2016-11-17T19:58:55Z">
    <groups>
    </groups>
    <test name="Test" duration-ms="71701" started-at="2016-11-17T19:57:43Z" finished-at="2016-11-17T19:58:55Z">
      <class name="maven.NewTest">
        <test-method status="FAIL" signature="beforeTest()[pri:0, instance:maven.NewTest@5c7fa833]" name="beforeTest" is-config="true" duration-ms="0" started-at="2016-11-17T11:57:43Z" finished-at="2016-11-17T11:57:43Z">
          <exception class="org.openqa.selenium.WebDriverException">
            <message>
              <![CDATA[Failed to connect to binary FirefoxBinary(C:\Program Files (x86)\Mozilla Firefox\firefox.exe) on port 7055; process output follows: 
tInstallState changed: false, state: {"app-profile":{"fxdriver@googlecode.com":{"d":"C:\\Users\\lethi\\AppData\\Local\\Temp\\anonymous7831405840508087468webdriver-profile\\extensions\\fxdriver@googlecode.com","e":false,"v":"2.45.0","st":1479412669277,"mt":1479412668578}},"app-system-defaults":{"e10srollout@mozilla.org":{"d":"C:\\Program Files (x86)\\Mozilla Firefox\\browser\\features\\e10srollout@mozilla.org.xpi","e":true,"v":"1.3","st":1476903776000},"firefox@getpocket.com":{"d":"C:\\Program Files (x86)\\Mozilla Firefox\\browser\\features\\firefox@getpocket.com.xpi","e":true,"v":"1.0.4","st":1476903776000},"webcompat@mozilla.org":{"d":"C:\\Program Files (x86)\\Mozilla Firefox\\browser\\features\\webcompat@mozilla.org.xpi","e":true,"v":"1.0","st":1476903776000}},"app-global":{"{972ce4c6-7e08-4474-a285-3208198ce6fd}":{"d":"C:\\Program Files (x86)\\Mozilla Firefox\\browser\\extensions\\{972ce4c6-7e08-4474-a285-3208198ce6fd}.xpi","e":true,"v":"49.0.2","st":1476903776000}}}
1479412688219	addons.xpi	DEBUG	No changes found
1479412688232	addons.xpi	DEBUG	Registering manifest for C:\Program Files (x86)\Mozilla Firefox\browser\features\e10srollout@mozilla.org.xpi
1479412688239	addons.xpi	DEBUG	Loading bootstrap scope from C:\Program Files (x86)\Mozilla Firefox\browser\features\e10srollout@mozilla.org.xpi
1479412688265	addons.xpi	DEBUG	Calling bootstrap method startup on e10srollout@mozilla.org version 1.3
1479412688268	addons.xpi	DEBUG	Registering manifest for C:\Program Files (x86)\Mozilla Firefox\browser\features\firefox@getpocket.com.xpi
1479412688299	addons.xpi	DEBUG	Loading bootstrap scope from C:\Program Files (x86)\Mozilla Firefox\browser\features\firefox@getpocket.com.xpi
1479412688311	addons.xpi	DEBUG	Calling bootstrap method startup on firefox@getpocket.com version 1.0.4
1479412688330	addons.xpi-utils	DEBUG	Starting async load of XPI database C:\Users\lethi\AppData\Local\Temp\anonymous7831405840508087468webdriver-profile\extensions.json
1479412688332	addons.xpi	DEBUG	Registering manifest for C:\Program Files (x86)\Mozilla Firefox\browser\features\webcompat@mozilla.org.xpi
1479412688335	addons.xpi	DEBUG	Loading bootstrap scope from C:\Program Files (x86)\Mozilla Firefox\browser\features\webcompat@mozilla.org.xpi
1479412688339	addons.xpi	DEBUG	Calling bootstrap method startup on webcompat@mozilla.org version 1.0
1479412688343	addons.manager	DEBUG	Registering shutdown blocker for XPIProvider
1479412688343	addons.manager	DEBUG	Provider finished startup: XPIProvider
1479412688343	addons.manager	DEBUG	Starting provider: LightweightThemeManager
1479412688344	addons.manager	DEBUG	Registering shutdown blocker for LightweightThemeManager
1479412688344	addons.manager	DEBUG	Provider finished startup: LightweightThemeManager
1479412688345	addons.manager	DEBUG	Starting provider: GMPProvider
1479412688360	addons.manager	DEBUG	Registering shutdown blocker for GMPProvider
1479412688361	addons.manager	DEBUG	Provider finished startup: GMPProvider
1479412688362	addons.manager	DEBUG	Starting provider: PluginProvider
1479412688362	addons.manager	DEBUG	Registering shutdown blocker for PluginProvider
1479412688363	addons.manager	DEBUG	Provider finished startup: PluginProvider
1479412688365	addons.manager	DEBUG	Completed startup sequence
1479412688879	addons.xpi-utils	DEBUG	Async JSON file read took 0 MS
1479412688880	addons.xpi-utils	DEBUG	Finished async read of XPI database, parsing...
1479412688884	addons.xpi-utils	DEBUG	Successfully read XPI database
1479412688908	addons.manager	DEBUG	Starting provider: <unnamed-provider>
1479412688908	addons.manager	DEBUG	Registering shutdown blocker for <unnamed-provider>
1479412688909	addons.manager	DEBUG	Provider finished startup: <unnamed-provider>
*** Blocklist::_loadBlocklistFromFile: blocklist is disabled
1479412689141	addons.manager	DEBUG	Starting provider: PreviousExperimentProvider
1479412689142	addons.manager	DEBUG	Registering shutdown blocker for PreviousExperimentProvider
1479412689142	addons.manager	DEBUG	Provider finished startup: PreviousExperimentProvider

Build info: version: '2.45.0', revision: '5017cb8e7ca8e37638dc3091b2440b90a1d8686f', time: '2015-02-27 09:10:26'
System info: host: 'DESKTOP-ENV65N4', ip: '192.168.1.121', os.name: 'Windows 10', os.arch: 'amd64', os.version: '10.0', java.version: '1.8.0_111'
Driver info: driver.version: FirefoxDriver]]>
            </message>
            <full-stacktrace>
              <![CDATA[org.openqa.selenium.WebDriverException: Failed to connect to binary FirefoxBinary(C:\Program Files (x86)\Mozilla Firefox\firefox.exe) on port 7055; process output follows: 
tInstallState changed: false, state: {"app-profile":{"fxdriver@googlecode.com":{"d":"C:\\Users\\lethi\\AppData\\Local\\Temp\\anonymous7831405840508087468webdriver-profile\\extensions\\fxdriver@googlecode.com","e":false,"v":"2.45.0","st":1479412669277,"mt":1479412668578}},"app-system-defaults":{"e10srollout@mozilla.org":{"d":"C:\\Program Files (x86)\\Mozilla Firefox\\browser\\features\\e10srollout@mozilla.org.xpi","e":true,"v":"1.3","st":1476903776000},"firefox@getpocket.com":{"d":"C:\\Program Files (x86)\\Mozilla Firefox\\browser\\features\\firefox@getpocket.com.xpi","e":true,"v":"1.0.4","st":1476903776000},"webcompat@mozilla.org":{"d":"C:\\Program Files (x86)\\Mozilla Firefox\\browser\\features\\webcompat@mozilla.org.xpi","e":true,"v":"1.0","st":1476903776000}},"app-global":{"{972ce4c6-7e08-4474-a285-3208198ce6fd}":{"d":"C:\\Program Files (x86)\\Mozilla Firefox\\browser\\extensions\\{972ce4c6-7e08-4474-a285-3208198ce6fd}.xpi","e":true,"v":"49.0.2","st":1476903776000}}}
1479412688219	addons.xpi	DEBUG	No changes found
1479412688232	addons.xpi	DEBUG	Registering manifest for C:\Program Files (x86)\Mozilla Firefox\browser\features\e10srollout@mozilla.org.xpi
1479412688239	addons.xpi	DEBUG	Loading bootstrap scope from C:\Program Files (x86)\Mozilla Firefox\browser\features\e10srollout@mozilla.org.xpi
1479412688265	addons.xpi	DEBUG	Calling bootstrap method startup on e10srollout@mozilla.org version 1.3
1479412688268	addons.xpi	DEBUG	Registering manifest for C:\Program Files (x86)\Mozilla Firefox\browser\features\firefox@getpocket.com.xpi
1479412688299	addons.xpi	DEBUG	Loading bootstrap scope from C:\Program Files (x86)\Mozilla Firefox\browser\features\firefox@getpocket.com.xpi
1479412688311	addons.xpi	DEBUG	Calling bootstrap method startup on firefox@getpocket.com version 1.0.4
1479412688330	addons.xpi-utils	DEBUG	Starting async load of XPI database C:\Users\lethi\AppData\Local\Temp\anonymous7831405840508087468webdriver-profile\extensions.json
1479412688332	addons.xpi	DEBUG	Registering manifest for C:\Program Files (x86)\Mozilla Firefox\browser\features\webcompat@mozilla.org.xpi
1479412688335	addons.xpi	DEBUG	Loading bootstrap scope from C:\Program Files (x86)\Mozilla Firefox\browser\features\webcompat@mozilla.org.xpi
1479412688339	addons.xpi	DEBUG	Calling bootstrap method startup on webcompat@mozilla.org version 1.0
1479412688343	addons.manager	DEBUG	Registering shutdown blocker for XPIProvider
1479412688343	addons.manager	DEBUG	Provider finished startup: XPIProvider
1479412688343	addons.manager	DEBUG	Starting provider: LightweightThemeManager
1479412688344	addons.manager	DEBUG	Registering shutdown blocker for LightweightThemeManager
1479412688344	addons.manager	DEBUG	Provider finished startup: LightweightThemeManager
1479412688345	addons.manager	DEBUG	Starting provider: GMPProvider
1479412688360	addons.manager	DEBUG	Registering shutdown blocker for GMPProvider
1479412688361	addons.manager	DEBUG	Provider finished startup: GMPProvider
1479412688362	addons.manager	DEBUG	Starting provider: PluginProvider
1479412688362	addons.manager	DEBUG	Registering shutdown blocker for PluginProvider
1479412688363	addons.manager	DEBUG	Provider finished startup: PluginProvider
1479412688365	addons.manager	DEBUG	Completed startup sequence
1479412688879	addons.xpi-utils	DEBUG	Async JSON file read took 0 MS
1479412688880	addons.xpi-utils	DEBUG	Finished async read of XPI database, parsing...
1479412688884	addons.xpi-utils	DEBUG	Successfully read XPI database
1479412688908	addons.manager	DEBUG	Starting provider: <unnamed-provider>
1479412688908	addons.manager	DEBUG	Registering shutdown blocker for <unnamed-provider>
1479412688909	addons.manager	DEBUG	Provider finished startup: <unnamed-provider>
*** Blocklist::_loadBlocklistFromFile: blocklist is disabled
1479412689141	addons.manager	DEBUG	Starting provider: PreviousExperimentProvider
1479412689142	addons.manager	DEBUG	Registering shutdown blocker for PreviousExperimentProvider
1479412689142	addons.manager	DEBUG	Provider finished startup: PreviousExperimentProvider

Build info: version: '2.45.0', revision: '5017cb8e7ca8e37638dc3091b2440b90a1d8686f', time: '2015-02-27 09:10:26'
System info: host: 'DESKTOP-ENV65N4', ip: '192.168.1.121', os.name: 'Windows 10', os.arch: 'amd64', os.version: '10.0', java.version: '1.8.0_111'
Driver info: driver.version: FirefoxDriver
	at org.openqa.selenium.firefox.internal.NewProfileExtensionConnection.start(NewProfileExtensionConnection.java:130)
	at org.openqa.selenium.firefox.FirefoxDriver.startClient(FirefoxDriver.java:246)
	at org.openqa.selenium.remote.RemoteWebDriver.<init>(RemoteWebDriver.java:114)
	at org.openqa.selenium.firefox.FirefoxDriver.<init>(FirefoxDriver.java:191)
	at org.openqa.selenium.firefox.FirefoxDriver.<init>(FirefoxDriver.java:186)
	at org.openqa.selenium.firefox.FirefoxDriver.<init>(FirefoxDriver.java:182)
	at org.openqa.selenium.firefox.FirefoxDriver.<init>(FirefoxDriver.java:95)
	at maven.NewTest.beforeTest(NewTest.java:20)
	at sun.reflect.NativeMethodAccessorImpl.invoke0(Native Method)
	at sun.reflect.NativeMethodAccessorImpl.invoke(Unknown Source)
	at sun.reflect.DelegatingMethodAccessorImpl.invoke(Unknown Source)
	at java.lang.reflect.Method.invoke(Unknown Source)
	at org.testng.internal.MethodInvocationHelper.invokeMethod(MethodInvocationHelper.java:80)
	at org.testng.internal.Invoker.invokeConfigurationMethod(Invoker.java:564)
	at org.testng.internal.Invoker.invokeConfigurations(Invoker.java:213)
	at org.testng.internal.Invoker.invokeConfigurations(Invoker.java:138)
	at org.testng.TestRunner.beforeRun(TestRunner.java:641)
	at org.testng.TestRunner.run(TestRunner.java:609)
	at org.testng.SuiteRunner.runTest(SuiteRunner.java:334)
	at org.testng.SuiteRunner.runSequentially(SuiteRunner.java:329)
	at org.testng.SuiteRunner.privateRun(SuiteRunner.java:291)
	at org.testng.SuiteRunner.run(SuiteRunner.java:240)
	at org.testng.SuiteRunnerWorker.runSuite(SuiteRunnerWorker.java:52)
	at org.testng.SuiteRunnerWorker.run(SuiteRunnerWorker.java:86)
	at org.testng.TestNG.runSuitesSequentially(TestNG.java:1198)
	at org.testng.TestNG.runSuitesLocally(TestNG.java:1123)
	at org.testng.TestNG.run(TestNG.java:1031)
	at org.testng.remote.AbstractRemoteTestNG.run(AbstractRemoteTestNG.java:132)
	at org.testng.remote.RemoteTestNG.initAndRun(RemoteTestNG.java:236)
	at org.testng.remote.RemoteTestNG.main(RemoteTestNG.java:81)
Caused by: org.openqa.selenium.firefox.NotConnectedException: Unable to connect to host 127.0.0.1 on port 7055 after 45000 ms. Firefox console output:
tInstallState changed: false, state: {"app-profile":{"fxdriver@googlecode.com":{"d":"C:\\Users\\lethi\\AppData\\Local\\Temp\\anonymous7831405840508087468webdriver-profile\\extensions\\fxdriver@googlecode.com","e":false,"v":"2.45.0","st":1479412669277,"mt":1479412668578}},"app-system-defaults":{"e10srollout@mozilla.org":{"d":"C:\\Program Files (x86)\\Mozilla Firefox\\browser\\features\\e10srollout@mozilla.org.xpi","e":true,"v":"1.3","st":1476903776000},"firefox@getpocket.com":{"d":"C:\\Program Files (x86)\\Mozilla Firefox\\browser\\features\\firefox@getpocket.com.xpi","e":true,"v":"1.0.4","st":1476903776000},"webcompat@mozilla.org":{"d":"C:\\Program Files (x86)\\Mozilla Firefox\\browser\\features\\webcompat@mozilla.org.xpi","e":true,"v":"1.0","st":1476903776000}},"app-global":{"{972ce4c6-7e08-4474-a285-3208198ce6fd}":{"d":"C:\\Program Files (x86)\\Mozilla Firefox\\browser\\extensions\\{972ce4c6-7e08-4474-a285-3208198ce6fd}.xpi","e":true,"v":"49.0.2","st":1476903776000}}}
1479412688219	addons.xpi	DEBUG	No changes found
1479412688232	addons.xpi	DEBUG	Registering manifest for C:\Program Files (x86)\Mozilla Firefox\browser\features\e10srollout@mozilla.org.xpi
1479412688239	addons.xpi	DEBUG	Loading bootstrap scope from C:\Program Files (x86)\Mozilla Firefox\browser\features\e10srollout@mozilla.org.xpi
1479412688265	addons.xpi	DEBUG	Calling bootstrap method startup on e10srollout@mozilla.org version 1.3
1479412688268	addons.xpi	DEBUG	Registering manifest for C:\Program Files (x86)\Mozilla Firefox\browser\features\firefox@getpocket.com.xpi
1479412688299	addons.xpi	DEBUG	Loading bootstrap scope from C:\Program Files (x86)\Mozilla Firefox\browser\features\firefox@getpocket.com.xpi
1479412688311	addons.xpi	DEBUG	Calling bootstrap method startup on firefox@getpocket.com version 1.0.4
1479412688330	addons.xpi-utils	DEBUG	Starting async load of XPI database C:\Users\lethi\AppData\Local\Temp\anonymous7831405840508087468webdriver-profile\extensions.json
1479412688332	addons.xpi	DEBUG	Registering manifest for C:\Program Files (x86)\Mozilla Firefox\browser\features\webcompat@mozilla.org.xpi
1479412688335	addons.xpi	DEBUG	Loading bootstrap scope from C:\Program Files (x86)\Mozilla Firefox\browser\features\webcompat@mozilla.org.xpi
1479412688339	addons.xpi	DEBUG	Calling bootstrap method startup on webcompat@mozilla.org version 1.0
1479412688343	addons.manager	DEBUG	Registering shutdown blocker for XPIProvider
1479412688343	addons.manager	DEBUG	Provider finished startup: XPIProvider
1479412688343	addons.manager	DEBUG	Starting provider: LightweightThemeManager
1479412688344	addons.manager	DEBUG	Registering shutdown blocker for LightweightThemeManager
1479412688344	addons.manager	DEBUG	Provider finished startup: LightweightThemeManager
1479412688345	addons.manager	DEBUG	Starting provider: GMPProvider
1479412688360	addons.manager	DEBUG	Registering shutdown blocker for GMPProvider
1479412688361	addons.manager	DEBUG	Provider finished startup: GMPProvider
1479412688362	addons.manager	DEBUG	Starting provider: PluginProvider
1479412688362	addons.manager	DEBUG	Registering shutdown blocker for PluginProvider
1479412688363	addons.manager	DEBUG	Provider finished startup: PluginProvider
1479412688365	addons.manager	DEBUG	Completed startup sequence
1479412688879	addons.xpi-utils	DEBUG	Async JSON file read took 0 MS
1479412688880	addons.xpi-utils	DEBUG	Finished async read of XPI database, parsing...
1479412688884	addons.xpi-utils	DEBUG	Successfully read XPI database
1479412688908	addons.manager	DEBUG	Starting provider: <unnamed-provider>
1479412688908	addons.manager	DEBUG	Registering shutdown blocker for <unnamed-provider>
1479412688909	addons.manager	DEBUG	Provider finished startup: <unnamed-provider>
*** Blocklist::_loadBlocklistFromFile: blocklist is disabled
1479412689141	addons.manager	DEBUG	Starting provider: PreviousExperimentProvider
1479412689142	addons.manager	DEBUG	Registering shutdown blocker for PreviousExperimentProvider
1479412689142	addons.manager	DEBUG	Provider finished startup: PreviousExperimentProvider

	at org.openqa.selenium.firefox.internal.NewProfileExtensionConnection.start(NewProfileExtensionConnection.java:118)
	... 29 more
]]>
            </full-stacktrace>
          </exception> <!-- org.openqa.selenium.WebDriverException -->
          <reporter-output>
          </reporter-output>
        </test-method> <!-- beforeTest -->
        <test-method status="SKIP" signature="testEasy()[pri:0, instance:maven.NewTest@5c7fa833]" name="testEasy" duration-ms="3" started-at="2016-11-17T11:58:55Z" finished-at="2016-11-17T11:58:55Z">
          <reporter-output>
          </reporter-output>
        </test-method> <!-- testEasy -->
        <test-method status="SKIP" signature="afterTest()[pri:0, instance:maven.NewTest@5c7fa833]" name="afterTest" is-config="true" duration-ms="0" started-at="2016-11-17T11:58:55Z" finished-at="2016-11-17T11:58:55Z">
          <reporter-output>
          </reporter-output>
        </test-method> <!-- afterTest -->
      </class> <!-- maven.NewTest -->
    </test> <!-- Test -->
  </suite> <!-- Suite -->
</testng-results>
